<?xml version="1.0" encoding="UTF-8"?>
<testsuite xmlns:xsi="http://www.w3.org/2001/XMLSchema-instance" xsi:noNamespaceSchemaLocation="https://maven.apache.org/surefire/maven-surefire-plugin/xsd/surefire-test-report.xsd" version="3.0.2" name="ru.yuzhakov.subscriber.SubscriberApplicationTests" time="8.372" tests="9" errors="0" skipped="0" failures="0">
  <properties>
[...]
</properties>
  <testcase name="getAllUsers_ReturnsListOfUsers" classname="ru.yuzhakov.subscriber.SubscriberApplicationTests" time="0.27">
    <system-out><![CDATA[21:01:30.324 [main] INFO org.springframework.test.context.support.AnnotationConfigContextLoaderUtils -- Could not detect default configuration classes for test class [ru.yuzhakov.subscriber.SubscriberApplicationTests]: SubscriberApplicationTests does not declare any static, non-private, non-final, nested classes annotated with @Configuration.
21:01:30.485 [main] INFO org.springframework.boot.test.context.SpringBootTestContextBootstrapper -- Found @SpringBootConfiguration ru.yuzhakov.subscriber.SubscriberApplication for test class ru.yuzhakov.subscriber.SubscriberApplicationTests

  .   ____          _            __ _ _
 /\\ / ___'_ __ _ _(_)_ __  __ _ \ \ \ \
( ( )\___ | '_ | '_| | '_ \/ _` | \ \ \ \
 \\/  ___)| |_)| | | | | || (_| |  ) ) ) )
  '  |____| .__|_| |_|_| |_\__, | / / / /
 =========|_|==============|___/=/_/_/_/

 :: Spring Boot ::                (v3.4.5)

2025-05-16T21:01:31.111+03:00  INFO 11199 --- [subscriber] [           main] r.y.s.SubscriberApplicationTests         : Starting SubscriberApplicationTests using Java 23.0.2 with PID 11199 (started by yuzhakovmihail in /media/yuzhakovmihail/DATA/subscriber)
2025-05-16T21:01:31.113+03:00  INFO 11199 --- [subscriber] [           main] r.y.s.SubscriberApplicationTests         : No active profile set, falling back to 1 default profile: "default"
2025-05-16T21:01:32.118+03:00  INFO 11199 --- [subscriber] [           main] .s.d.r.c.RepositoryConfigurationDelegate : Multiple Spring Data modules found, entering strict repository configuration mode
2025-05-16T21:01:32.120+03:00  INFO 11199 --- [subscriber] [           main] .s.d.r.c.RepositoryConfigurationDelegate : Bootstrapping Spring Data JDBC repositories in DEFAULT mode.
2025-05-16T21:01:32.164+03:00  INFO 11199 --- [subscriber] [           main] .RepositoryConfigurationExtensionSupport : Spring Data JDBC - Could not safely identify store assignment for repository candidate interface ru.yuzhakov.subscriber.repositories.SubscriptionRepository; If you want this repository to be a JDBC repository, consider annotating your entities with one of these annotations: org.springframework.data.relational.core.mapping.Table.
2025-05-16T21:01:32.166+03:00  INFO 11199 --- [subscriber] [           main] .RepositoryConfigurationExtensionSupport : Spring Data JDBC - Could not safely identify store assignment for repository candidate interface ru.yuzhakov.subscriber.repositories.UserRepository; If you want this repository to be a JDBC repository, consider annotating your entities with one of these annotations: org.springframework.data.relational.core.mapping.Table.
2025-05-16T21:01:32.166+03:00  INFO 11199 --- [subscriber] [           main] .s.d.r.c.RepositoryConfigurationDelegate : Finished Spring Data repository scanning in 38 ms. Found 0 JDBC repository interfaces.
2025-05-16T21:01:32.181+03:00  INFO 11199 --- [subscriber] [           main] .s.d.r.c.RepositoryConfigurationDelegate : Multiple Spring Data modules found, entering strict repository configuration mode
2025-05-16T21:01:32.182+03:00  INFO 11199 --- [subscriber] [           main] .s.d.r.c.RepositoryConfigurationDelegate : Bootstrapping Spring Data JPA repositories in DEFAULT mode.
2025-05-16T21:01:32.217+03:00  INFO 11199 --- [subscriber] [           main] .s.d.r.c.RepositoryConfigurationDelegate : Finished Spring Data repository scanning in 29 ms. Found 2 JPA repository interfaces.
2025-05-16T21:01:33.853+03:00  INFO 11199 --- [subscriber] [           main] com.zaxxer.hikari.HikariDataSource       : HikariPool-1 - Starting...
2025-05-16T21:01:34.309+03:00  INFO 11199 --- [subscriber] [           main] com.zaxxer.hikari.pool.HikariPool        : HikariPool-1 - Added connection org.postgresql.jdbc.PgConnection@30704f85
2025-05-16T21:01:34.312+03:00  INFO 11199 --- [subscriber] [           main] com.zaxxer.hikari.HikariDataSource       : HikariPool-1 - Start completed.
2025-05-16T21:01:34.537+03:00  INFO 11199 --- [subscriber] [           main] liquibase.database                       : Set default schema name to public
2025-05-16T21:01:35.147+03:00  INFO 11199 --- [subscriber] [           main] liquibase.changelog                      : Reading from public.databasechangelog
2025-05-16T21:01:35.244+03:00  INFO 11199 --- [subscriber] [           main] liquibase.ui                             : Database is up to date, no changesets to execute
2025-05-16T21:01:35.246+03:00  INFO 11199 --- [subscriber] [           main] liquibase.changelog                      : Reading from public.databasechangelog
2025-05-16T21:01:35.255+03:00  INFO 11199 --- [subscriber] [           main] liquibase.util                           : UPDATE SUMMARY
2025-05-16T21:01:35.256+03:00  INFO 11199 --- [subscriber] [           main] liquibase.util                           : Run:                          0
2025-05-16T21:01:35.256+03:00  INFO 11199 --- [subscriber] [           main] liquibase.util                           : Previously run:               6
2025-05-16T21:01:35.256+03:00  INFO 11199 --- [subscriber] [           main] liquibase.util                           : Filtered out:                 0
2025-05-16T21:01:35.256+03:00  INFO 11199 --- [subscriber] [           main] liquibase.util                           : -------------------------------
2025-05-16T21:01:35.256+03:00  INFO 11199 --- [subscriber] [           main] liquibase.util                           : Total change sets:            6
2025-05-16T21:01:35.257+03:00  INFO 11199 --- [subscriber] [           main] liquibase.util                           : Update summary generated
2025-05-16T21:01:35.259+03:00  INFO 11199 --- [subscriber] [           main] liquibase.command                        : Command execution complete
2025-05-16T21:01:35.409+03:00  INFO 11199 --- [subscriber] [           main] o.hibernate.jpa.internal.util.LogHelper  : HHH000204: Processing PersistenceUnitInfo [name: default]
2025-05-16T21:01:35.513+03:00  INFO 11199 --- [subscriber] [           main] org.hibernate.Version                    : HHH000412: Hibernate ORM core version 6.6.13.Final
2025-05-16T21:01:35.569+03:00  INFO 11199 --- [subscriber] [           main] o.h.c.internal.RegionFactoryInitiator    : HHH000026: Second-level cache disabled
2025-05-16T21:01:35.776+03:00  INFO 11199 --- [subscriber] [           main] o.s.o.j.p.SpringPersistenceUnitInfo      : No LoadTimeWeaver setup: ignoring JPA class transformer
2025-05-16T21:01:35.881+03:00  INFO 11199 --- [subscriber] [           main] org.hibernate.orm.connections.pooling    : HHH10001005: Database info:
	Database JDBC URL [Connecting through datasource 'HikariDataSource (HikariPool-1)']
	Database driver: undefined/unknown
	Database version: 16.8
	Autocommit mode: undefined/unknown
	Isolation level: undefined/unknown
	Minimum pool size: undefined/unknown
	Maximum pool size: undefined/unknown
2025-05-16T21:01:36.836+03:00  INFO 11199 --- [subscriber] [           main] o.h.e.t.j.p.i.JtaPlatformInitiator       : HHH000489: No JTA platform available (set 'hibernate.transaction.jta.platform' to enable JTA platform integration)
2025-05-16T21:01:36.838+03:00  INFO 11199 --- [subscriber] [           main] j.LocalContainerEntityManagerFactoryBean : Initialized JPA EntityManagerFactory for persistence unit 'default'
2025-05-16T21:01:37.044+03:00  WARN 11199 --- [subscriber] [           main] JpaBaseConfiguration$JpaWebConfiguration : spring.jpa.open-in-view is enabled by default. Therefore, database queries may be performed during view rendering. Explicitly configure spring.jpa.open-in-view to disable this warning
2025-05-16T21:01:37.987+03:00  INFO 11199 --- [subscriber] [           main] o.s.b.t.m.w.SpringBootMockServletContext : Initializing Spring TestDispatcherServlet ''
2025-05-16T21:01:37.987+03:00  INFO 11199 --- [subscriber] [           main] o.s.t.web.servlet.TestDispatcherServlet  : Initializing Servlet ''
2025-05-16T21:01:37.990+03:00  INFO 11199 --- [subscriber] [           main] o.s.t.web.servlet.TestDispatcherServlet  : Completed initialization in 1 ms
2025-05-16T21:01:38.031+03:00  INFO 11199 --- [subscriber] [           main] r.y.s.SubscriberApplicationTests         : Started SubscriberApplicationTests in 7.377 seconds (process running for 8.537)
2025-05-16T21:01:38.181+03:00  INFO 11199 --- [subscriber] [           main] r.y.s.controllers.RestUserController     : Запрос всех пользователей
]]></system-out>
    <system-err><![CDATA[Mockito is currently self-attaching to enable the inline-mock-maker. This will no longer work in future releases of the JDK. Please add Mockito as an agent to your build what is described in Mockito's documentation: https://javadoc.io/doc/org.mockito/mockito-core/latest/org/mockito/Mockito.html#0.3
WARNING: A Java agent has been loaded dynamically (/home/yuzhakovmihail/.m2/repository/net/bytebuddy/byte-buddy-agent/1.15.11/byte-buddy-agent-1.15.11.jar)
WARNING: If a serviceability tool is in use, please run with -XX:+EnableDynamicAgentLoading to hide this warning
WARNING: If a serviceability tool is not in use, please run with -Djdk.instrument.traceUsage for more information
WARNING: Dynamic loading of agents will be disallowed by default in a future release
]]></system-err>
  </testcase>
  <testcase name="deleteUserSubscription_ReturnsUpdatedUser" classname="ru.yuzhakov.subscriber.SubscriberApplicationTests" time="0.023"/>
  <testcase name="addUserSubscription_ReturnsUserWithSubscription" classname="ru.yuzhakov.subscriber.SubscriberApplicationTests" time="0.072"/>
  <testcase name="deleteUser_ReturnsSuccessMessage" classname="ru.yuzhakov.subscriber.SubscriberApplicationTests" time="0.01">
    <system-out><![CDATA[2025-05-16T21:01:38.440+03:00  INFO 11199 --- [subscriber] [           main] r.y.s.controllers.RestUserController     : Удаление пользователя с ID: 1
]]></system-out>
  </testcase>
  <testcase name="getTopThreeSubscriptions_ReturnsTopSubscriptions" classname="ru.yuzhakov.subscriber.SubscriberApplicationTests" time="0.015"/>
  <testcase name="updateUser_ReturnsUpdatedUser" classname="ru.yuzhakov.subscriber.SubscriberApplicationTests" time="0.015"/>
  <testcase name="addUser_ReturnsCreatedUser" classname="ru.yuzhakov.subscriber.SubscriberApplicationTests" time="0.008"/>
  <testcase name="getUserSubscriptions_ReturnsListOfSubscriptions" classname="ru.yuzhakov.subscriber.SubscriberApplicationTests" time="0.009"/>
  <testcase name="getUser_ReturnsUserById" classname="ru.yuzhakov.subscriber.SubscriberApplicationTests" time="0.009">
    <system-out><![CDATA[2025-05-16T21:01:38.506+03:00  INFO 11199 --- [subscriber] [           main] r.y.s.controllers.RestUserController     : Запрос пользователя с ID: 1
]]></system-out>
  </testcase>
</testsuite>